<?xml version="1.0" encoding="UTF-8"?>
<testng-results skipped="0" failed="0" ignored="0" total="3" passed="3">
  <reporter-output>
  </reporter-output>
  <suite name="Sample test Suite" duration-ms="213350" started-at="2019-12-01T12:34:33Z" finished-at="2019-12-01T12:38:06Z">
    <groups>
      <group name="scenario1">
        <method signature="Assignment2aTest.Scenario1()[pri:0, instance:com.training.sanity.tests.Assignment2aTest@5e3a8624]" name="Scenario1" class="com.training.sanity.tests.Assignment2aTest"/>
      </group> <!-- scenario1 -->
      <group name="scenario2">
        <method signature="Assignment2bTest.Scenario2()[pri:0, instance:com.training.sanity.tests.Assignment2bTest@5c3bd550]" name="Scenario2" class="com.training.sanity.tests.Assignment2bTest"/>
      </group> <!-- scenario2 -->
      <group name="scenario3">
        <method signature="Assignment2aTest.Scenario3()[pri:0, instance:com.training.sanity.tests.Assignment2aTest@5e3a8624]" name="Scenario3" class="com.training.sanity.tests.Assignment2aTest"/>
      </group> <!-- scenario3 -->
    </groups>
    <test name="Sample test" duration-ms="213350" started-at="2019-12-01T12:34:33Z" finished-at="2019-12-01T12:38:06Z">
      <class name="com.training.sanity.tests.Assignment2bTest">
        <test-method status="PASS" signature="setUpBeforeClass()[pri:0, instance:com.training.sanity.tests.Assignment2bTest@5c3bd550]" name="setUpBeforeClass" is-config="true" duration-ms="11" started-at="2019-12-01T12:37:11Z" finished-at="2019-12-01T12:37:11Z">
          <reporter-output>
          </reporter-output>
        </test-method> <!-- setUpBeforeClass -->
        <test-method status="PASS" signature="setUp()[pri:0, instance:com.training.sanity.tests.Assignment2bTest@5c3bd550]" name="setUp" is-config="true" duration-ms="30542" started-at="2019-12-01T12:37:11Z" finished-at="2019-12-01T12:37:42Z">
          <reporter-output>
          </reporter-output>
        </test-method> <!-- setUp -->
        <test-method status="PASS" signature="Scenario2()[pri:0, instance:com.training.sanity.tests.Assignment2bTest@5c3bd550]" name="Scenario2" duration-ms="22976" depends-on-groups="scenario1" started-at="2019-12-01T12:37:42Z" finished-at="2019-12-01T12:38:05Z">
          <reporter-output>
          </reporter-output>
        </test-method> <!-- Scenario2 -->
        <test-method status="PASS" signature="TestStatus(org.testng.ITestResult)[pri:0, instance:com.training.sanity.tests.Assignment2bTest@5c3bd550]" name="TestStatus" is-config="true" duration-ms="1764" started-at="2019-12-01T12:38:05Z" finished-at="2019-12-01T12:38:06Z">
          <params>
            <param index="0">
              <value>
                <![CDATA[[TestResult name=Scenario2 status=SUCCESS method=Assignment2bTest.Scenario2()[pri:0, instance:com.training.sanity.tests.Assignment2bTest@5c3bd550] output={null}]]]>
              </value>
            </param>
          </params>
          <reporter-output>
          </reporter-output>
        </test-method> <!-- TestStatus -->
      </class> <!-- com.training.sanity.tests.Assignment2bTest -->
      <class name="com.training.sanity.tests.Assignment2aTest">
        <test-method status="PASS" signature="setUpBeforeClass()[pri:0, instance:com.training.sanity.tests.Assignment2aTest@5e3a8624]" name="setUpBeforeClass" is-config="true" duration-ms="15" started-at="2019-12-01T12:34:33Z" finished-at="2019-12-01T12:34:33Z">
          <reporter-output>
          </reporter-output>
        </test-method> <!-- setUpBeforeClass -->
        <test-method status="PASS" signature="setUp()[pri:0, instance:com.training.sanity.tests.Assignment2aTest@5e3a8624]" name="setUp" is-config="true" duration-ms="48292" started-at="2019-12-01T12:34:33Z" finished-at="2019-12-01T12:35:21Z">
          <reporter-output>
          </reporter-output>
        </test-method> <!-- setUp -->
        <test-method status="PASS" signature="Scenario1()[pri:0, instance:com.training.sanity.tests.Assignment2aTest@5e3a8624]" name="Scenario1" duration-ms="39149" started-at="2019-12-01T12:35:21Z" finished-at="2019-12-01T12:36:00Z">
          <reporter-output>
          </reporter-output>
        </test-method> <!-- Scenario1 -->
        <test-method status="PASS" signature="TestStatus(org.testng.ITestResult)[pri:0, instance:com.training.sanity.tests.Assignment2aTest@5e3a8624]" name="TestStatus" is-config="true" duration-ms="1981" started-at="2019-12-01T12:36:00Z" finished-at="2019-12-01T12:36:02Z">
          <params>
            <param index="0">
              <value>
                <![CDATA[[TestResult name=Scenario1 status=SUCCESS method=Assignment2aTest.Scenario1()[pri:0, instance:com.training.sanity.tests.Assignment2aTest@5e3a8624] output={null}]]]>
              </value>
            </param>
          </params>
          <reporter-output>
          </reporter-output>
        </test-method> <!-- TestStatus -->
        <test-method status="PASS" signature="setUp()[pri:0, instance:com.training.sanity.tests.Assignment2aTest@5e3a8624]" name="setUp" is-config="true" duration-ms="35825" started-at="2019-12-01T12:36:02Z" finished-at="2019-12-01T12:36:38Z">
          <reporter-output>
          </reporter-output>
        </test-method> <!-- setUp -->
        <test-method status="PASS" signature="Scenario3()[pri:0, instance:com.training.sanity.tests.Assignment2aTest@5e3a8624]" name="Scenario3" duration-ms="30823" started-at="2019-12-01T12:36:38Z" finished-at="2019-12-01T12:37:09Z">
          <reporter-output>
          </reporter-output>
        </test-method> <!-- Scenario3 -->
        <test-method status="PASS" signature="TestStatus(org.testng.ITestResult)[pri:0, instance:com.training.sanity.tests.Assignment2aTest@5e3a8624]" name="TestStatus" is-config="true" duration-ms="1842" started-at="2019-12-01T12:37:09Z" finished-at="2019-12-01T12:37:11Z">
          <params>
            <param index="0">
              <value>
                <![CDATA[[TestResult name=Scenario3 status=SUCCESS method=Assignment2aTest.Scenario3()[pri:0, instance:com.training.sanity.tests.Assignment2aTest@5e3a8624] output={null}]]]>
              </value>
            </param>
          </params>
          <reporter-output>
          </reporter-output>
        </test-method> <!-- TestStatus -->
      </class> <!-- com.training.sanity.tests.Assignment2aTest -->
    </test> <!-- Sample test -->
  </suite> <!-- Sample test Suite -->
</testng-results>
