<?xml version="1.0" encoding="UTF-8"?>
<!-- Generated by org.testng.reporters.JUnitXMLReporter -->
<testsuite hostname="DESKTOP-NQL17BT" ignored="0" name="Sample test" tests="3" failures="0" timestamp="01 Dec 2019 12:38:07 GMT" time="213.35" errors="0">
  <testcase name="Scenario1" time="39.149" classname="com.training.sanity.tests.Assignment2aTest"/>
  <testcase name="Scenario3" time="30.823" classname="com.training.sanity.tests.Assignment2aTest"/>
  <testcase name="Scenario2" time="22.976" classname="com.training.sanity.tests.Assignment2bTest"/>
</testsuite> <!-- Sample test -->
